1585291360 | /files2/ | index.php
1585291362 | /files2/index.php | files2
1585291364 | /files2/index.php?id=contact | index.php
1585291365 | /files2/index.php?id=about | index.php?id=contact
1585291366 | /files2/index.php?id=info | index.php?id=about
1585291369 | /files2/ | index.php
1585291370 | /files2/index.php?id=log | files2
1585291781 | /files2/index.php?id=log | files2
1585309688 | / | 
1585309693 | / | 
1585309694 | / | 
1585309694 | / | 
1585309731 | / | 
1585310283 | /index.php | index.php
1585310285 | /index.php | index.php
1585310289 | /index.php | index.php
1585310294 | /index.php | index.php
1585310341 | /index.php | index.php
1585310460 | /index.php?id=log | index.php
1585310463 | /index.php?id=log | index.php
1585310464 | /index.php?id=log | index.php
1585310466 | /index.php | index.php?id=log
1585311624 | / | 
1585311629 | /index.php?id=contact | mysite.local
1585311629 | /index.php?id=about | index.php?id=contact
1585311630 | /index.php?id=info | index.php?id=about
1585311637 | /index.php | index.php
1585311638 | /index.php?id=log | index.php
1585311640 | /index.php?id=log | index.php
1585311641 | /index.php?id=log | index.php
1585311641 | /index.php?id=log | index.php
1585311643 | /index.php?id=log | index.php
1585311644 | /index.php?id=log | index.php
1585311651 | /index.php | index.php
1585807209 | / | 
1585807213 | /index.php | mysite.local
1585807214 | /index.php?id=contact | index.php
1585807215 | /index.php?id=about | index.php?id=contact
1585807216 | /index.php?id=info | index.php?id=about
1585807217 | /index.php?id=log | index.php?id=info
1585807237 | /index.php?id=gbook | index.php?id=log
1585807247 | /index.php | index.php
1585807250 | /index.php?id=gbook | index.php
1585925753 | / | 
1585926449 | / | 
1585926455 | /index.php | mysite.local
1585926456 | /index.php?id=contact | index.php
1585926457 | /index.php?id=about | index.php?id=contact
1585926458 | /index.php?id=info | index.php?id=about
1585926460 | /index.php | index.php
1585926463 | /index.php | index.php
1585926465 | /index.php?id=gbook | index.php
1585926467 | /index.php?id=log | index.php?id=gbook
1585926652 | / | 
1585926767 | /index.php?id=log | mysite.local
1585927011 | /index.php | index.php?id=log
1585927012 | /index.php?id=contact | index.php
1585927015 | /index.php?id=about | index.php?id=contact
1585927017 | /index.php?id=info | index.php?id=about
1585927025 | /index.php | index.php
1585927026 | /index.php?id=log | index.php
1585927027 | /index.php?id=gbook | index.php?id=log
1585927033 | /index.php?id=gbook | index.php?id=gbook
1585927069 | / | 
1585978020 | / | 
1586014627 | / | 
1586154693 | / | 
1586154772 | / | 
1586860562 | / | 
1586860570 | /index.php | mysite.local
1586860570 | /index.php?id=contact | index.php
1586860571 | /index.php?id=about | index.php?id=contact
1586860574 | /index.php?id=info | index.php?id=about
1586860579 | /index.php | index.php
1586860580 | /index.php?id=gbook | index.php
1586860585 | /index.php?id=gbook&del=3 | index.php?id=gbook
